<?xml version="1.0" encoding="UTF-8"?>
<testsuite xmlns:xsi="http://www.w3.org/2001/XMLSchema-instance" xsi:noNamespaceSchemaLocation="https://maven.apache.org/surefire/maven-surefire-plugin/xsd/surefire-test-report.xsd" name="com.testing.Test1" time="1.764" tests="11" errors="0" skipped="10" failures="1">
  <properties>
[...]
</properties>
  <testcase name="beforeTest" classname="com.testing.Test1" time="1.636">
    <failure message="session not created: This version of ChromeDriver only supports Chrome version 120&#10;Current browser version is 122.0.6261.69 with binary path C:\Program Files (x86)\Google\Chrome\Application\chrome.exe&#10;Build info: version: &apos;3.9.0&apos;, revision: &apos;698b3178f0&apos;, time: &apos;2018-02-05T14:26:55.441Z&apos;&#10;System info: host: &apos;HUS&apos;, ip: &apos;192.168.0.4&apos;, os.name: &apos;Windows 11&apos;, os.arch: &apos;amd64&apos;, os.version: &apos;10.0&apos;, java.version: &apos;21.0.1&apos;&#10;Driver info: driver.version: ChromeDriver&#10;remote stacktrace: 	GetHandleVerifier [0x00007FF6BD664D02+56194]&#10;	(No symbol) [0x00007FF6BD5D04B2]&#10;	(No symbol) [0x00007FF6BD4776AA]&#10;	(No symbol) [0x00007FF6BD4B1652]&#10;	(No symbol) [0x00007FF6BD4B094D]&#10;	(No symbol) [0x00007FF6BD4AB84F]&#10;	(No symbol) [0x00007FF6BD4A7DC2]&#10;	(No symbol) [0x00007FF6BD4F0954]&#10;	(No symbol) [0x00007FF6BD4E5C23]&#10;	(No symbol) [0x00007FF6BD4B4A45]&#10;	(No symbol) [0x00007FF6BD4B5AD4]&#10;	GetHandleVerifier [0x00007FF6BD9DD5BB+3695675]&#10;	GetHandleVerifier [0x00007FF6BDA36197+4059159]&#10;	GetHandleVerifier [0x00007FF6BDA2DF63+4025827]&#10;	GetHandleVerifier [0x00007FF6BD6FF029+687785]&#10;	(No symbol) [0x00007FF6BD5DB508]&#10;	(No symbol) [0x00007FF6BD5D7564]&#10;	(No symbol) [0x00007FF6BD5D76E9]&#10;	(No symbol) [0x00007FF6BD5C8094]&#10;	BaseThreadInitThunk [0x00007FFD27C6257D+29]&#10;	RtlUserThreadStart [0x00007FFD2906AA58+40]&#10;" type="org.openqa.selenium.SessionNotCreatedException">org.openqa.selenium.SessionNotCreatedException: 
session not created: This version of ChromeDriver only supports Chrome version 120
Current browser version is 122.0.6261.69 with binary path C:\Program Files (x86)\Google\Chrome\Application\chrome.exe
Build info: version: '3.9.0', revision: '698b3178f0', time: '2018-02-05T14:26:55.441Z'
System info: host: 'HUS', ip: '192.168.0.4', os.name: 'Windows 11', os.arch: 'amd64', os.version: '10.0', java.version: '21.0.1'
Driver info: driver.version: ChromeDriver
remote stacktrace: 	GetHandleVerifier [0x00007FF6BD664D02+56194]
	(No symbol) [0x00007FF6BD5D04B2]
	(No symbol) [0x00007FF6BD4776AA]
	(No symbol) [0x00007FF6BD4B1652]
	(No symbol) [0x00007FF6BD4B094D]
	(No symbol) [0x00007FF6BD4AB84F]
	(No symbol) [0x00007FF6BD4A7DC2]
	(No symbol) [0x00007FF6BD4F0954]
	(No symbol) [0x00007FF6BD4E5C23]
	(No symbol) [0x00007FF6BD4B4A45]
	(No symbol) [0x00007FF6BD4B5AD4]
	GetHandleVerifier [0x00007FF6BD9DD5BB+3695675]
	GetHandleVerifier [0x00007FF6BDA36197+4059159]
	GetHandleVerifier [0x00007FF6BDA2DF63+4025827]
	GetHandleVerifier [0x00007FF6BD6FF029+687785]
	(No symbol) [0x00007FF6BD5DB508]
	(No symbol) [0x00007FF6BD5D7564]
	(No symbol) [0x00007FF6BD5D76E9]
	(No symbol) [0x00007FF6BD5C8094]
	BaseThreadInitThunk [0x00007FFD27C6257D+29]
	RtlUserThreadStart [0x00007FFD2906AA58+40]

	at com.testing.Test1.beforeTest(Test1.java:12)
</failure>
    <system-err><![CDATA[Feb 23, 2024 7:04:38 P.M. org.openqa.selenium.remote.DesiredCapabilities chrome
INFO: Using `new ChromeOptions()` is preferred to `DesiredCapabilities.chrome()`
Starting ChromeDriver 120.0.6099.71 (9729082fe6174c0a371fc66501f5efc5d69d3d2b-refs/branch-heads/6099_56@{#13}) on port 50305
Only local connections are allowed.
Please see https://chromedriver.chromium.org/security-considerations for suggestions on keeping ChromeDriver safe.
ChromeDriver was started successfully.
]]></system-err>
  </testcase>
  <testcase name="InvalidUser" classname="com.testing.Test1" time="0">
    <skipped/>
  </testcase>
  <testcase name="invalidPwd" classname="com.testing.Test1" time="0">
    <skipped/>
  </testcase>
  <testcase name="GmailLogin" classname="com.testing.Test1" time="0">
    <skipped/>
  </testcase>
  <testcase name="CountEmail" classname="com.testing.Test1" time="0">
    <skipped/>
  </testcase>
  <testcase name="TotalInboxEmail" classname="com.testing.Test1" time="0">
    <skipped/>
  </testcase>
  <testcase name="moveToTrash" classname="com.testing.Test1" time="0">
    <skipped/>
  </testcase>
  <testcase name="MoveBackToInbox" classname="com.testing.Test1" time="0">
    <skipped/>
  </testcase>
  <testcase name="markAsUnread" classname="com.testing.Test1" time="0">
    <skipped/>
  </testcase>
  <testcase name="markAsread" classname="com.testing.Test1" time="0">
    <skipped/>
  </testcase>
  <testcase name="afterMethod" classname="com.testing.Test1" time="0">
    <skipped/>
  </testcase>
</testsuite>