<?xml version="1.0" encoding="UTF-8"?>
<testng-results total="9" passed="0" failed="0" skipped="9">
  <reporter-output>
  </reporter-output>
  <suite started-at="2024-02-24T00:04:38Z" name="Surefire suite" finished-at="2024-02-24T00:04:39Z" duration-ms="1430">
    <groups>
    </groups>
    <test started-at="2024-02-24T00:04:38Z" name="Surefire test" finished-at="2024-02-24T00:04:39Z" duration-ms="1430">
      <class name="com.testing.Test1">
        <test-method is-config="true" signature="beforeTest()[pri:0, instance:com.testing.Test1@c81cdd1]" started-at="2024-02-23T19:04:38Z" name="beforeTest" finished-at="2024-02-23T19:04:38Z" duration-ms="0" status="FAIL">
          <exception class="org.openqa.selenium.SessionNotCreatedException">
            <message>
              <![CDATA[session not created: This version of ChromeDriver only supports Chrome version 120
Current browser version is 122.0.6261.69 with binary path C:\Program Files (x86)\Google\Chrome\Application\chrome.exe
Build info: version: '3.9.0', revision: '698b3178f0', time: '2018-02-05T14:26:55.441Z'
System info: host: 'HUS', ip: '192.168.0.4', os.name: 'Windows 11', os.arch: 'amd64', os.version: '10.0', java.version: '21.0.1'
Driver info: driver.version: ChromeDriver
remote stacktrace: 	GetHandleVerifier [0x00007FF6BD664D02+56194]
	(No symbol) [0x00007FF6BD5D04B2]
	(No symbol) [0x00007FF6BD4776AA]
	(No symbol) [0x00007FF6BD4B1652]
	(No symbol) [0x00007FF6BD4B094D]
	(No symbol) [0x00007FF6BD4AB84F]
	(No symbol) [0x00007FF6BD4A7DC2]
	(No symbol) [0x00007FF6BD4F0954]
	(No symbol) [0x00007FF6BD4E5C23]
	(No symbol) [0x00007FF6BD4B4A45]
	(No symbol) [0x00007FF6BD4B5AD4]
	GetHandleVerifier [0x00007FF6BD9DD5BB+3695675]
	GetHandleVerifier [0x00007FF6BDA36197+4059159]
	GetHandleVerifier [0x00007FF6BDA2DF63+4025827]
	GetHandleVerifier [0x00007FF6BD6FF029+687785]
	(No symbol) [0x00007FF6BD5DB508]
	(No symbol) [0x00007FF6BD5D7564]
	(No symbol) [0x00007FF6BD5D76E9]
	(No symbol) [0x00007FF6BD5C8094]
	BaseThreadInitThunk [0x00007FFD27C6257D+29]
	RtlUserThreadStart [0x00007FFD2906AA58+40]
]]>
            </message>
            <full-stacktrace>
              <![CDATA[org.openqa.selenium.SessionNotCreatedException: session not created: This version of ChromeDriver only supports Chrome version 120
Current browser version is 122.0.6261.69 with binary path C:\Program Files (x86)\Google\Chrome\Application\chrome.exe
Build info: version: '3.9.0', revision: '698b3178f0', time: '2018-02-05T14:26:55.441Z'
System info: host: 'HUS', ip: '192.168.0.4', os.name: 'Windows 11', os.arch: 'amd64', os.version: '10.0', java.version: '21.0.1'
Driver info: driver.version: ChromeDriver
remote stacktrace: 	GetHandleVerifier [0x00007FF6BD664D02+56194]
	(No symbol) [0x00007FF6BD5D04B2]
	(No symbol) [0x00007FF6BD4776AA]
	(No symbol) [0x00007FF6BD4B1652]
	(No symbol) [0x00007FF6BD4B094D]
	(No symbol) [0x00007FF6BD4AB84F]
	(No symbol) [0x00007FF6BD4A7DC2]
	(No symbol) [0x00007FF6BD4F0954]
	(No symbol) [0x00007FF6BD4E5C23]
	(No symbol) [0x00007FF6BD4B4A45]
	(No symbol) [0x00007FF6BD4B5AD4]
	GetHandleVerifier [0x00007FF6BD9DD5BB+3695675]
	GetHandleVerifier [0x00007FF6BDA36197+4059159]
	GetHandleVerifier [0x00007FF6BDA2DF63+4025827]
	GetHandleVerifier [0x00007FF6BD6FF029+687785]
	(No symbol) [0x00007FF6BD5DB508]
	(No symbol) [0x00007FF6BD5D7564]
	(No symbol) [0x00007FF6BD5D76E9]
	(No symbol) [0x00007FF6BD5C8094]
	BaseThreadInitThunk [0x00007FFD27C6257D+29]
	RtlUserThreadStart [0x00007FFD2906AA58+40]

	at java.base/jdk.internal.reflect.DirectConstructorHandleAccessor.newInstance(DirectConstructorHandleAccessor.java:62)
	at java.base/java.lang.reflect.Constructor.newInstanceWithCaller(Constructor.java:502)
	at java.base/java.lang.reflect.Constructor.newInstance(Constructor.java:486)
	at org.openqa.selenium.remote.W3CHandshakeResponse.lambda$new$0(W3CHandshakeResponse.java:57)
	at org.openqa.selenium.remote.W3CHandshakeResponse.lambda$getResponseFunction$2(W3CHandshakeResponse.java:104)
	at org.openqa.selenium.remote.ProtocolHandshake.lambda$createSession$0(ProtocolHandshake.java:123)
	at java.base/java.util.stream.ReferencePipeline$3$1.accept(ReferencePipeline.java:197)
	at java.base/java.util.Spliterators$ArraySpliterator.tryAdvance(Spliterators.java:1034)
	at java.base/java.util.stream.ReferencePipeline.forEachWithCancel(ReferencePipeline.java:129)
	at java.base/java.util.stream.AbstractPipeline.copyIntoWithCancel(AbstractPipeline.java:527)
	at java.base/java.util.stream.AbstractPipeline.copyInto(AbstractPipeline.java:513)
	at java.base/java.util.stream.AbstractPipeline.wrapAndCopyInto(AbstractPipeline.java:499)
	at java.base/java.util.stream.FindOps$FindOp.evaluateSequential(FindOps.java:150)
	at java.base/java.util.stream.AbstractPipeline.evaluate(AbstractPipeline.java:234)
	at java.base/java.util.stream.ReferencePipeline.findFirst(ReferencePipeline.java:647)
	at org.openqa.selenium.remote.ProtocolHandshake.createSession(ProtocolHandshake.java:126)
	at org.openqa.selenium.remote.ProtocolHandshake.createSession(ProtocolHandshake.java:73)
	at org.openqa.selenium.remote.HttpCommandExecutor.execute(HttpCommandExecutor.java:138)
	at org.openqa.selenium.remote.service.DriverCommandExecutor.execute(DriverCommandExecutor.java:83)
	at org.openqa.selenium.remote.RemoteWebDriver.execute(RemoteWebDriver.java:601)
	at org.openqa.selenium.remote.RemoteWebDriver.startSession(RemoteWebDriver.java:219)
	at org.openqa.selenium.remote.RemoteWebDriver.<init>(RemoteWebDriver.java:142)
	at org.openqa.selenium.chrome.ChromeDriver.<init>(ChromeDriver.java:184)
	at org.openqa.selenium.chrome.ChromeDriver.<init>(ChromeDriver.java:171)
	at org.openqa.selenium.chrome.ChromeDriver.<init>(ChromeDriver.java:124)
	at com.testing.PageFile.openBrowser(PageFile.java:24)
	at com.testing.Test1.beforeTest(Test1.java:12)
	at java.base/jdk.internal.reflect.DirectMethodHandleAccessor.invoke(DirectMethodHandleAccessor.java:103)
	at java.base/java.lang.reflect.Method.invoke(Method.java:580)
	at org.testng.internal.MethodInvocationHelper.invokeMethod(MethodInvocationHelper.java:85)
	at org.testng.internal.Invoker.invokeConfigurationMethod(Invoker.java:510)
	at org.testng.internal.Invoker.invokeConfigurations(Invoker.java:211)
	at org.testng.internal.Invoker.invokeConfigurations(Invoker.java:138)
	at org.testng.TestRunner.beforeRun(TestRunner.java:648)
	at org.testng.TestRunner.run(TestRunner.java:616)
	at org.testng.SuiteRunner.runTest(SuiteRunner.java:359)
	at org.testng.SuiteRunner.runSequentially(SuiteRunner.java:354)
	at org.testng.SuiteRunner.privateRun(SuiteRunner.java:312)
	at org.testng.SuiteRunner.run(SuiteRunner.java:261)
	at org.testng.SuiteRunnerWorker.runSuite(SuiteRunnerWorker.java:52)
	at org.testng.SuiteRunnerWorker.run(SuiteRunnerWorker.java:86)
	at org.testng.TestNG.runSuitesSequentially(TestNG.java:1215)
	at org.testng.TestNG.runSuitesLocally(TestNG.java:1140)
	at org.testng.TestNG.run(TestNG.java:1048)
	at org.apache.maven.surefire.testng.TestNGExecutor.run(TestNGExecutor.java:135)
	at org.apache.maven.surefire.testng.TestNGDirectoryTestSuite.executeSingleClass(TestNGDirectoryTestSuite.java:112)
	at org.apache.maven.surefire.testng.TestNGDirectoryTestSuite.execute(TestNGDirectoryTestSuite.java:99)
	at org.apache.maven.surefire.testng.TestNGProvider.invoke(TestNGProvider.java:146)
	at org.apache.maven.surefire.booter.ForkedBooter.invokeProviderInSameClassLoader(ForkedBooter.java:384)
	at org.apache.maven.surefire.booter.ForkedBooter.runSuitesInProcess(ForkedBooter.java:345)
	at org.apache.maven.surefire.booter.ForkedBooter.execute(ForkedBooter.java:126)
	at org.apache.maven.surefire.booter.ForkedBooter.main(ForkedBooter.java:418)
]]>
            </full-stacktrace>
          </exception> <!-- org.openqa.selenium.SessionNotCreatedException -->
          <reporter-output>
          </reporter-output>
        </test-method> <!-- beforeTest -->
        <test-method signature="InvalidUser()[pri:1, instance:com.testing.Test1@c81cdd1]" started-at="2024-02-23T19:04:39Z" name="InvalidUser" finished-at="2024-02-23T19:04:39Z" duration-ms="0" status="SKIP">
          <reporter-output>
          </reporter-output>
        </test-method> <!-- InvalidUser -->
        <test-method signature="invalidPwd()[pri:2, instance:com.testing.Test1@c81cdd1]" started-at="2024-02-23T19:04:39Z" name="invalidPwd" finished-at="2024-02-23T19:04:39Z" duration-ms="0" status="SKIP">
          <reporter-output>
          </reporter-output>
        </test-method> <!-- invalidPwd -->
        <test-method signature="GmailLogin()[pri:3, instance:com.testing.Test1@c81cdd1]" started-at="2024-02-23T19:04:39Z" name="GmailLogin" finished-at="2024-02-23T19:04:39Z" duration-ms="0" status="SKIP">
          <reporter-output>
          </reporter-output>
        </test-method> <!-- GmailLogin -->
        <test-method signature="CountEmail()[pri:4, instance:com.testing.Test1@c81cdd1]" started-at="2024-02-23T19:04:39Z" name="CountEmail" finished-at="2024-02-23T19:04:39Z" duration-ms="0" status="SKIP">
          <reporter-output>
          </reporter-output>
        </test-method> <!-- CountEmail -->
        <test-method signature="TotalInboxEmail()[pri:5, instance:com.testing.Test1@c81cdd1]" started-at="2024-02-23T19:04:39Z" name="TotalInboxEmail" finished-at="2024-02-23T19:04:39Z" duration-ms="0" status="SKIP">
          <reporter-output>
          </reporter-output>
        </test-method> <!-- TotalInboxEmail -->
        <test-method signature="moveToTrash()[pri:6, instance:com.testing.Test1@c81cdd1]" started-at="2024-02-23T19:04:39Z" name="moveToTrash" finished-at="2024-02-23T19:04:39Z" duration-ms="0" status="SKIP">
          <reporter-output>
          </reporter-output>
        </test-method> <!-- moveToTrash -->
        <test-method signature="MoveBackToInbox()[pri:7, instance:com.testing.Test1@c81cdd1]" started-at="2024-02-23T19:04:39Z" name="MoveBackToInbox" finished-at="2024-02-23T19:04:39Z" duration-ms="0" status="SKIP">
          <reporter-output>
          </reporter-output>
        </test-method> <!-- MoveBackToInbox -->
        <test-method signature="markAsread()[pri:9, instance:com.testing.Test1@c81cdd1]" started-at="2024-02-23T19:04:39Z" name="markAsread" finished-at="2024-02-23T19:04:39Z" duration-ms="0" status="SKIP">
          <reporter-output>
          </reporter-output>
        </test-method> <!-- markAsread -->
        <test-method signature="markAsUnread()[pri:8, instance:com.testing.Test1@c81cdd1]" started-at="2024-02-23T19:04:39Z" name="markAsUnread" finished-at="2024-02-23T19:04:39Z" duration-ms="0" status="SKIP">
          <reporter-output>
          </reporter-output>
        </test-method> <!-- markAsUnread -->
        <test-method is-config="true" signature="afterMethod()[pri:0, instance:com.testing.Test1@c81cdd1]" started-at="2024-02-23T19:04:39Z" name="afterMethod" finished-at="2024-02-23T19:04:39Z" duration-ms="0" status="SKIP">
          <reporter-output>
          </reporter-output>
        </test-method> <!-- afterMethod -->
      </class> <!-- com.testing.Test1 -->
    </test> <!-- Surefire test -->
  </suite> <!-- Surefire suite -->
</testng-results>
